2019-08-07 13:48:29,949 ----------------------------------------------------------------------------------------------------
2019-08-07 13:48:29,949 Evaluation method: MICRO_F1_SCORE
2019-08-07 13:48:30,101 ----------------------------------------------------------------------------------------------------
2019-08-07 13:48:30,534 epoch 1 - iter 0/235 - loss 30.53657913
2019-08-07 13:48:36,263 epoch 1 - iter 23/235 - loss 11.00585800
2019-08-07 13:48:41,965 epoch 1 - iter 46/235 - loss 9.15166221
2019-08-07 13:48:47,699 epoch 1 - iter 69/235 - loss 8.28297283
2019-08-07 13:48:53,362 epoch 1 - iter 92/235 - loss 7.47368826
2019-08-07 13:48:58,674 epoch 1 - iter 115/235 - loss 6.80829867
2019-08-07 13:49:04,264 epoch 1 - iter 138/235 - loss 6.39036774
2019-08-07 13:49:10,457 epoch 1 - iter 161/235 - loss 5.99125095
2019-08-07 13:49:16,599 epoch 1 - iter 184/235 - loss 5.64827595
2019-08-07 13:49:21,983 epoch 1 - iter 207/235 - loss 5.36870882
2019-08-07 13:49:27,430 epoch 1 - iter 230/235 - loss 5.15212900
2019-08-07 13:49:28,514 ----------------------------------------------------------------------------------------------------
2019-08-07 13:49:28,515 EPOCH 1 done: loss 5.1312 - lr 0.1000 - bad epochs 0
2019-08-07 13:49:40,839 DEV : loss 2.8366456031799316 - score 0.4895
2019-08-07 13:49:51,180 TEST : loss 2.336966037750244 - score 0.6174
2019-08-07 13:49:55,786 ----------------------------------------------------------------------------------------------------
2019-08-07 13:49:56,225 epoch 2 - iter 0/235 - loss 2.53224897
2019-08-07 13:50:02,014 epoch 2 - iter 23/235 - loss 2.84749808
2019-08-07 13:50:07,309 epoch 2 - iter 46/235 - loss 2.80669762
2019-08-07 13:50:13,013 epoch 2 - iter 69/235 - loss 2.79953834
2019-08-07 13:50:18,900 epoch 2 - iter 92/235 - loss 2.78326738
2019-08-07 13:50:25,370 epoch 2 - iter 115/235 - loss 2.67852129
2019-08-07 13:50:30,831 epoch 2 - iter 138/235 - loss 2.68718580
2019-08-07 13:50:36,243 epoch 2 - iter 161/235 - loss 2.67046105
2019-08-07 13:50:42,157 epoch 2 - iter 184/235 - loss 2.64069783
2019-08-07 13:50:48,057 epoch 2 - iter 207/235 - loss 2.60908723
2019-08-07 13:50:54,417 epoch 2 - iter 230/235 - loss 2.55127546
2019-08-07 13:50:55,466 ----------------------------------------------------------------------------------------------------
2019-08-07 13:50:55,466 EPOCH 2 done: loss 2.5562 - lr 0.1000 - bad epochs 0
2019-08-07 13:51:11,303 DEV : loss 2.3729825019836426 - score 0.5495
2019-08-07 13:51:22,566 TEST : loss 1.6084223985671997 - score 0.7044
2019-08-07 13:51:27,219 ----------------------------------------------------------------------------------------------------
2019-08-07 13:51:27,750 epoch 3 - iter 0/235 - loss 2.36085653
2019-08-07 13:51:34,362 epoch 3 - iter 23/235 - loss 2.27298553
2019-08-07 13:51:40,667 epoch 3 - iter 46/235 - loss 2.14653939
2019-08-07 13:51:47,351 epoch 3 - iter 69/235 - loss 2.11083181
2019-08-07 13:51:53,426 epoch 3 - iter 92/235 - loss 2.08638873
2019-08-07 13:51:59,464 epoch 3 - iter 115/235 - loss 2.08839772
2019-08-07 13:52:05,343 epoch 3 - iter 138/235 - loss 2.06002066
2019-08-07 13:52:11,492 epoch 3 - iter 161/235 - loss 2.08769233
2019-08-07 13:52:17,600 epoch 3 - iter 184/235 - loss 2.08790887
2019-08-07 13:52:22,700 epoch 3 - iter 207/235 - loss 2.09441008
2019-08-07 13:52:28,874 epoch 3 - iter 230/235 - loss 2.09221541
2019-08-07 13:52:30,060 ----------------------------------------------------------------------------------------------------
2019-08-07 13:52:30,060 EPOCH 3 done: loss 2.0815 - lr 0.1000 - bad epochs 0
2019-08-07 13:52:49,696 DEV : loss 2.1711583137512207 - score 0.5738
2019-08-07 13:53:03,495 TEST : loss 1.336140513420105 - score 0.7333
2019-08-07 13:53:08,127 ----------------------------------------------------------------------------------------------------
2019-08-07 13:53:08,611 epoch 4 - iter 0/235 - loss 2.43899488
2019-08-07 13:53:14,729 epoch 4 - iter 23/235 - loss 1.78033344
2019-08-07 13:53:21,277 epoch 4 - iter 46/235 - loss 1.83449660
2019-08-07 13:53:27,879 epoch 4 - iter 69/235 - loss 1.82932091
2019-08-07 13:53:33,982 epoch 4 - iter 92/235 - loss 1.85911726
2019-08-07 13:53:40,411 epoch 4 - iter 115/235 - loss 1.83890836
2019-08-07 13:53:46,128 epoch 4 - iter 138/235 - loss 1.84801693
2019-08-07 13:53:51,801 epoch 4 - iter 161/235 - loss 1.85545944
2019-08-07 13:53:58,729 epoch 4 - iter 184/235 - loss 1.86977158
2019-08-07 13:54:04,586 epoch 4 - iter 207/235 - loss 1.84175736
2019-08-07 13:54:10,422 epoch 4 - iter 230/235 - loss 1.84688002
2019-08-07 13:54:11,737 ----------------------------------------------------------------------------------------------------
2019-08-07 13:54:11,738 EPOCH 4 done: loss 1.8407 - lr 0.1000 - bad epochs 0
2019-08-07 13:54:28,199 DEV : loss 2.3874783515930176 - score 0.5775
2019-08-07 13:54:42,842 TEST : loss 1.2361195087432861 - score 0.7616
2019-08-07 13:54:47,729 ----------------------------------------------------------------------------------------------------
2019-08-07 13:54:48,308 epoch 5 - iter 0/235 - loss 1.74929631
2019-08-07 13:54:55,650 epoch 5 - iter 23/235 - loss 1.84703816
2019-08-07 13:55:01,857 epoch 5 - iter 46/235 - loss 1.75952017
2019-08-07 13:55:10,159 epoch 5 - iter 69/235 - loss 1.80968219
2019-08-07 13:55:17,123 epoch 5 - iter 92/235 - loss 1.75492704
2019-08-07 13:55:23,844 epoch 5 - iter 115/235 - loss 1.73814402
2019-08-07 13:55:30,758 epoch 5 - iter 138/235 - loss 1.72147565
2019-08-07 13:55:38,579 epoch 5 - iter 161/235 - loss 1.73282865
2019-08-07 13:55:45,594 epoch 5 - iter 184/235 - loss 1.71366897
2019-08-07 13:55:51,571 epoch 5 - iter 207/235 - loss 1.70924869
2019-08-07 13:55:59,044 epoch 5 - iter 230/235 - loss 1.70117556
2019-08-07 13:56:00,353 ----------------------------------------------------------------------------------------------------
2019-08-07 13:56:00,353 EPOCH 5 done: loss 1.7044 - lr 0.1000 - bad epochs 0
2019-08-07 13:56:21,583 DEV : loss 2.1456305980682373 - score 0.6029
2019-08-07 13:56:35,226 TEST : loss 1.0290664434432983 - score 0.7835
2019-08-07 13:56:39,920 ----------------------------------------------------------------------------------------------------
2019-08-07 13:56:40,492 epoch 6 - iter 0/235 - loss 1.62275410
2019-08-07 13:56:46,975 epoch 6 - iter 23/235 - loss 1.70448408
2019-08-07 13:56:53,042 epoch 6 - iter 46/235 - loss 1.63670715
2019-08-07 13:56:59,801 epoch 6 - iter 69/235 - loss 1.62046493
2019-08-07 13:57:08,674 epoch 6 - iter 92/235 - loss 1.61342834
2019-08-07 13:57:16,257 epoch 6 - iter 115/235 - loss 1.61521436
2019-08-07 13:57:23,541 epoch 6 - iter 138/235 - loss 1.61746554
2019-08-07 13:57:31,225 epoch 6 - iter 161/235 - loss 1.61387436
2019-08-07 13:57:38,582 epoch 6 - iter 184/235 - loss 1.60989947
2019-08-07 13:57:45,738 epoch 6 - iter 207/235 - loss 1.60632755
2019-08-07 13:57:52,712 epoch 6 - iter 230/235 - loss 1.59468898
2019-08-07 13:57:53,866 ----------------------------------------------------------------------------------------------------
2019-08-07 13:57:53,866 EPOCH 6 done: loss 1.5904 - lr 0.1000 - bad epochs 0
2019-08-07 13:58:14,802 DEV : loss 2.134850263595581 - score 0.6129
2019-08-07 13:58:28,154 TEST : loss 0.9891220927238464 - score 0.7925
2019-08-07 13:58:32,771 ----------------------------------------------------------------------------------------------------
2019-08-07 13:58:33,299 epoch 7 - iter 0/235 - loss 0.85048068
2019-08-07 13:58:40,476 epoch 7 - iter 23/235 - loss 1.54989609
2019-08-07 13:58:47,288 epoch 7 - iter 46/235 - loss 1.60319326
2019-08-07 13:58:54,306 epoch 7 - iter 69/235 - loss 1.58541114
2019-08-07 13:58:59,316 epoch 7 - iter 92/235 - loss 1.54244399
2019-08-07 13:59:10,155 epoch 7 - iter 115/235 - loss 1.54718028
2019-08-07 13:59:17,608 epoch 7 - iter 138/235 - loss 1.52078211
2019-08-07 13:59:24,941 epoch 7 - iter 161/235 - loss 1.49932142
2019-08-07 13:59:33,440 epoch 7 - iter 184/235 - loss 1.48749566
2019-08-07 13:59:41,145 epoch 7 - iter 207/235 - loss 1.47882450
2019-08-07 13:59:48,768 epoch 7 - iter 230/235 - loss 1.47895375
2019-08-07 13:59:50,175 ----------------------------------------------------------------------------------------------------
2019-08-07 13:59:50,175 EPOCH 7 done: loss 1.4769 - lr 0.1000 - bad epochs 0
2019-08-07 14:00:09,777 DEV : loss 2.2139766216278076 - score 0.6116
2019-08-07 14:00:24,198 TEST : loss 0.9090180993080139 - score 0.8098
2019-08-07 14:00:24,201 ----------------------------------------------------------------------------------------------------
2019-08-07 14:00:24,762 epoch 8 - iter 0/235 - loss 1.44527519
2019-08-07 14:00:31,973 epoch 8 - iter 23/235 - loss 1.49881995
2019-08-07 14:00:39,924 epoch 8 - iter 46/235 - loss 1.44714764
2019-08-07 14:00:46,557 epoch 8 - iter 69/235 - loss 1.40872972
2019-08-07 14:00:53,543 epoch 8 - iter 92/235 - loss 1.37905316
2019-08-07 14:01:02,091 epoch 8 - iter 115/235 - loss 1.42577089
2019-08-07 14:01:08,057 epoch 8 - iter 138/235 - loss 1.43641218
2019-08-07 14:01:16,298 epoch 8 - iter 161/235 - loss 1.46057929
2019-08-07 14:01:24,168 epoch 8 - iter 184/235 - loss 1.45582605
2019-08-07 14:01:31,537 epoch 8 - iter 207/235 - loss 1.45939880
2019-08-07 14:01:38,976 epoch 8 - iter 230/235 - loss 1.44818802
2019-08-07 14:01:40,419 ----------------------------------------------------------------------------------------------------
2019-08-07 14:01:40,420 EPOCH 8 done: loss 1.4463 - lr 0.1000 - bad epochs 1
2019-08-07 14:02:02,506 DEV : loss 2.1110916137695312 - score 0.6155
2019-08-07 14:02:14,176 TEST : loss 0.8513813614845276 - score 0.827
2019-08-07 14:02:18,871 ----------------------------------------------------------------------------------------------------
2019-08-07 14:02:19,452 epoch 9 - iter 0/235 - loss 0.88149190
2019-08-07 14:02:27,172 epoch 9 - iter 23/235 - loss 1.35179488
2019-08-07 14:02:33,984 epoch 9 - iter 46/235 - loss 1.31516518
2019-08-07 14:02:41,470 epoch 9 - iter 69/235 - loss 1.31271856
2019-08-07 14:02:48,797 epoch 9 - iter 92/235 - loss 1.35398757
2019-08-07 14:02:56,315 epoch 9 - iter 115/235 - loss 1.37976310
2019-08-07 14:03:03,866 epoch 9 - iter 138/235 - loss 1.35587287
2019-08-07 14:03:09,945 epoch 9 - iter 161/235 - loss 1.36548245
2019-08-07 14:03:16,555 epoch 9 - iter 184/235 - loss 1.36963429
2019-08-07 14:03:24,953 epoch 9 - iter 207/235 - loss 1.37881652
2019-08-07 14:03:32,690 epoch 9 - iter 230/235 - loss 1.36953194
2019-08-07 14:03:34,014 ----------------------------------------------------------------------------------------------------
2019-08-07 14:03:34,015 EPOCH 9 done: loss 1.3686 - lr 0.1000 - bad epochs 0
2019-08-07 14:03:56,345 DEV : loss 2.0844790935516357 - score 0.6223
2019-08-07 14:04:10,346 TEST : loss 0.8097296357154846 - score 0.8336
2019-08-07 14:04:16,033 ----------------------------------------------------------------------------------------------------
2019-08-07 14:04:16,552 epoch 10 - iter 0/235 - loss 1.93239248
2019-08-07 14:04:25,844 epoch 10 - iter 23/235 - loss 1.28681205
2019-08-07 14:04:33,485 epoch 10 - iter 46/235 - loss 1.37424931
2019-08-07 14:04:40,479 epoch 10 - iter 69/235 - loss 1.31057661
2019-08-07 14:04:48,311 epoch 10 - iter 92/235 - loss 1.32737617
2019-08-07 14:04:56,723 epoch 10 - iter 115/235 - loss 1.29874118
2019-08-07 14:05:04,091 epoch 10 - iter 138/235 - loss 1.27740739
2019-08-07 14:05:10,676 epoch 10 - iter 161/235 - loss 1.29866956
2019-08-07 14:05:18,749 epoch 10 - iter 184/235 - loss 1.30150685
2019-08-07 14:05:26,378 epoch 10 - iter 207/235 - loss 1.29519441
2019-08-07 14:05:33,856 epoch 10 - iter 230/235 - loss 1.29155301
2019-08-07 14:05:35,504 ----------------------------------------------------------------------------------------------------
2019-08-07 14:05:35,505 EPOCH 10 done: loss 1.2997 - lr 0.1000 - bad epochs 0
2019-08-07 14:05:54,576 DEV : loss 2.1319262981414795 - score 0.6186
2019-08-07 14:06:07,772 TEST : loss 0.8244827389717102 - score 0.8306
2019-08-07 14:06:07,837 ----------------------------------------------------------------------------------------------------
2019-08-07 14:06:08,381 epoch 11 - iter 0/235 - loss 1.90989017
2019-08-07 14:06:15,780 epoch 11 - iter 23/235 - loss 1.35893012
2019-08-07 14:06:23,333 epoch 11 - iter 46/235 - loss 1.42138212
2019-08-07 14:06:31,210 epoch 11 - iter 69/235 - loss 1.33869065
2019-08-07 14:06:38,725 epoch 11 - iter 92/235 - loss 1.31338853
2019-08-07 14:06:46,256 epoch 11 - iter 115/235 - loss 1.32249382
2019-08-07 14:06:54,613 epoch 11 - iter 138/235 - loss 1.32967853
2019-08-07 14:07:02,616 epoch 11 - iter 161/235 - loss 1.31329254
2019-08-07 14:07:09,627 epoch 11 - iter 184/235 - loss 1.30672225
2019-08-07 14:07:17,313 epoch 11 - iter 207/235 - loss 1.30244521
2019-08-07 14:07:25,168 epoch 11 - iter 230/235 - loss 1.29813175
2019-08-07 14:07:26,515 ----------------------------------------------------------------------------------------------------
2019-08-07 14:07:26,515 EPOCH 11 done: loss 1.2971 - lr 0.1000 - bad epochs 1
2019-08-07 14:07:46,157 DEV : loss 2.2044050693511963 - score 0.6334
2019-08-07 14:07:59,836 TEST : loss 0.7808868288993835 - score 0.8404
2019-08-07 14:08:04,442 ----------------------------------------------------------------------------------------------------
2019-08-07 14:08:04,897 epoch 12 - iter 0/235 - loss 0.93798572
2019-08-07 14:08:12,122 epoch 12 - iter 23/235 - loss 1.37618901
2019-08-07 14:08:18,448 epoch 12 - iter 46/235 - loss 1.36056780
2019-08-07 14:08:27,035 epoch 12 - iter 69/235 - loss 1.33603369
2019-08-07 14:08:34,646 epoch 12 - iter 92/235 - loss 1.31066387
2019-08-07 14:08:42,104 epoch 12 - iter 115/235 - loss 1.31594223
2019-08-07 14:08:49,258 epoch 12 - iter 138/235 - loss 1.29564739
2019-08-07 14:08:56,490 epoch 12 - iter 161/235 - loss 1.29971612
2019-08-07 14:09:03,731 epoch 12 - iter 184/235 - loss 1.27910667
2019-08-07 14:09:10,473 epoch 12 - iter 207/235 - loss 1.28966537
2019-08-07 14:09:17,134 epoch 12 - iter 230/235 - loss 1.29026295
2019-08-07 14:09:18,828 ----------------------------------------------------------------------------------------------------
2019-08-07 14:09:18,828 EPOCH 12 done: loss 1.2842 - lr 0.1000 - bad epochs 0
2019-08-07 14:09:38,663 DEV : loss 2.218644618988037 - score 0.6382
2019-08-07 14:09:54,487 TEST : loss 0.7659932971000671 - score 0.8403
2019-08-07 14:09:59,093 ----------------------------------------------------------------------------------------------------
2019-08-07 14:09:59,654 epoch 13 - iter 0/235 - loss 1.08573902
2019-08-07 14:10:07,098 epoch 13 - iter 23/235 - loss 1.35374112
2019-08-07 14:10:14,390 epoch 13 - iter 46/235 - loss 1.25589558
2019-08-07 14:10:20,303 epoch 13 - iter 69/235 - loss 1.26886541
2019-08-07 14:10:28,729 epoch 13 - iter 92/235 - loss 1.22348014
2019-08-07 14:10:36,496 epoch 13 - iter 115/235 - loss 1.23295359
2019-08-07 14:10:43,921 epoch 13 - iter 138/235 - loss 1.22956617
2019-08-07 14:10:51,108 epoch 13 - iter 161/235 - loss 1.23034598
2019-08-07 14:10:58,835 epoch 13 - iter 184/235 - loss 1.21909917
2019-08-07 14:11:05,787 epoch 13 - iter 207/235 - loss 1.21625556
2019-08-07 14:11:11,889 epoch 13 - iter 230/235 - loss 1.20839236
2019-08-07 14:11:13,245 ----------------------------------------------------------------------------------------------------
2019-08-07 14:11:13,246 EPOCH 13 done: loss 1.2051 - lr 0.1000 - bad epochs 0
2019-08-07 14:11:32,774 DEV : loss 2.1930902004241943 - score 0.6347
2019-08-07 14:11:47,705 TEST : loss 0.7466140389442444 - score 0.8542
2019-08-07 14:11:47,706 ----------------------------------------------------------------------------------------------------
2019-08-07 14:11:48,327 epoch 14 - iter 0/235 - loss 1.07282162
2019-08-07 14:11:55,872 epoch 14 - iter 23/235 - loss 1.25708113
2019-08-07 14:12:03,537 epoch 14 - iter 46/235 - loss 1.32974018
2019-08-07 14:12:10,226 epoch 14 - iter 69/235 - loss 1.30444101
2019-08-07 14:12:17,973 epoch 14 - iter 92/235 - loss 1.28044582
2019-08-07 14:12:24,759 epoch 14 - iter 115/235 - loss 1.25649229
2019-08-07 14:12:33,207 epoch 14 - iter 138/235 - loss 1.26130206
2019-08-07 14:12:40,898 epoch 14 - iter 161/235 - loss 1.23712188
2019-08-07 14:12:48,232 epoch 14 - iter 184/235 - loss 1.24343459
2019-08-07 14:12:55,629 epoch 14 - iter 207/235 - loss 1.23066174
2019-08-07 14:13:02,757 epoch 14 - iter 230/235 - loss 1.21873906
2019-08-07 14:13:04,132 ----------------------------------------------------------------------------------------------------
2019-08-07 14:13:04,132 EPOCH 14 done: loss 1.2147 - lr 0.1000 - bad epochs 1
2019-08-07 14:13:22,761 DEV : loss 2.228419065475464 - score 0.6372
2019-08-07 14:13:37,454 TEST : loss 0.7458078265190125 - score 0.8469
2019-08-07 14:13:37,455 ----------------------------------------------------------------------------------------------------
2019-08-07 14:13:38,017 epoch 15 - iter 0/235 - loss 0.82213026
2019-08-07 14:13:45,897 epoch 15 - iter 23/235 - loss 1.19820754
2019-08-07 14:13:53,431 epoch 15 - iter 46/235 - loss 1.19007334
2019-08-07 14:14:00,861 epoch 15 - iter 69/235 - loss 1.19083927
2019-08-07 14:14:09,008 epoch 15 - iter 92/235 - loss 1.18576170
2019-08-07 14:14:16,267 epoch 15 - iter 115/235 - loss 1.18986487
2019-08-07 14:14:23,133 epoch 15 - iter 138/235 - loss 1.16422753
2019-08-07 14:14:29,641 epoch 15 - iter 161/235 - loss 1.16299548
2019-08-07 14:14:37,010 epoch 15 - iter 184/235 - loss 1.16547588
2019-08-07 14:14:44,420 epoch 15 - iter 207/235 - loss 1.16249774
2019-08-07 14:14:51,682 epoch 15 - iter 230/235 - loss 1.16221596
2019-08-07 14:14:53,086 ----------------------------------------------------------------------------------------------------
2019-08-07 14:14:53,087 EPOCH 15 done: loss 1.1628 - lr 0.1000 - bad epochs 2
2019-08-07 14:15:14,707 DEV : loss 2.2859175205230713 - score 0.6239
2019-08-07 14:15:28,340 TEST : loss 0.7604268193244934 - score 0.8402
2019-08-07 14:15:28,341 ----------------------------------------------------------------------------------------------------
2019-08-07 14:15:28,922 epoch 16 - iter 0/235 - loss 0.72508204
2019-08-07 14:15:36,573 epoch 16 - iter 23/235 - loss 1.15481614
2019-08-07 14:15:43,950 epoch 16 - iter 46/235 - loss 1.06731395
2019-08-07 14:15:52,158 epoch 16 - iter 69/235 - loss 1.10258515
2019-08-07 14:15:59,845 epoch 16 - iter 92/235 - loss 1.13944764
2019-08-07 14:16:07,439 epoch 16 - iter 115/235 - loss 1.15440937
2019-08-07 14:16:13,840 epoch 16 - iter 138/235 - loss 1.16672461
2019-08-07 14:16:22,267 epoch 16 - iter 161/235 - loss 1.17952140
2019-08-07 14:16:28,534 epoch 16 - iter 184/235 - loss 1.17475743
2019-08-07 14:16:35,457 epoch 16 - iter 207/235 - loss 1.16409625
2019-08-07 14:16:42,544 epoch 16 - iter 230/235 - loss 1.15736985
2019-08-07 14:16:43,734 ----------------------------------------------------------------------------------------------------
2019-08-07 14:16:43,735 EPOCH 16 done: loss 1.1547 - lr 0.1000 - bad epochs 3
2019-08-07 14:17:04,446 DEV : loss 2.2623772621154785 - score 0.6331
2019-08-07 14:17:18,798 TEST : loss 0.7210506200790405 - score 0.8522
2019-08-07 14:17:18,799 ----------------------------------------------------------------------------------------------------
2019-08-07 14:17:19,320 epoch 17 - iter 0/235 - loss 0.83057880
2019-08-07 14:17:27,455 epoch 17 - iter 23/235 - loss 1.11620787
2019-08-07 14:17:33,906 epoch 17 - iter 46/235 - loss 1.09539995
2019-08-07 14:17:41,491 epoch 17 - iter 69/235 - loss 1.10110066
2019-08-07 14:17:49,250 epoch 17 - iter 92/235 - loss 1.11327327
2019-08-07 14:17:56,699 epoch 17 - iter 115/235 - loss 1.11625755
2019-08-07 14:18:03,931 epoch 17 - iter 138/235 - loss 1.10993997
2019-08-07 14:18:10,985 epoch 17 - iter 161/235 - loss 1.11079450
2019-08-07 14:18:18,960 epoch 17 - iter 184/235 - loss 1.10394361
2019-08-07 14:18:25,996 epoch 17 - iter 207/235 - loss 1.12354073
2019-08-07 14:18:32,309 epoch 17 - iter 230/235 - loss 1.11503288
2019-08-07 14:18:33,747 ----------------------------------------------------------------------------------------------------
2019-08-07 14:18:33,748 EPOCH 17 done: loss 1.1093 - lr 0.0500 - bad epochs 0
2019-08-07 14:18:55,215 DEV : loss 2.192004680633545 - score 0.642
2019-08-07 14:19:11,399 TEST : loss 0.6859081983566284 - score 0.8639
2019-08-07 14:19:16,053 ----------------------------------------------------------------------------------------------------
2019-08-07 14:19:16,603 epoch 18 - iter 0/235 - loss 0.79841650
2019-08-07 14:19:24,456 epoch 18 - iter 23/235 - loss 0.99833535
2019-08-07 14:19:30,917 epoch 18 - iter 46/235 - loss 1.03105253
2019-08-07 14:19:38,312 epoch 18 - iter 69/235 - loss 1.05099848
2019-08-07 14:19:45,409 epoch 18 - iter 92/235 - loss 1.06267757
2019-08-07 14:19:53,013 epoch 18 - iter 115/235 - loss 1.03965713
2019-08-07 14:20:00,061 epoch 18 - iter 138/235 - loss 1.06885055
2019-08-07 14:20:07,559 epoch 18 - iter 161/235 - loss 1.04125434
2019-08-07 14:20:13,997 epoch 18 - iter 184/235 - loss 1.04798170
2019-08-07 14:20:22,027 epoch 18 - iter 207/235 - loss 1.07490850
2019-08-07 14:20:29,025 epoch 18 - iter 230/235 - loss 1.07011874
2019-08-07 14:20:30,331 ----------------------------------------------------------------------------------------------------
2019-08-07 14:20:30,332 EPOCH 18 done: loss 1.0707 - lr 0.0500 - bad epochs 0
2019-08-07 14:20:49,382 DEV : loss 2.204836368560791 - score 0.6385
2019-08-07 14:21:03,810 TEST : loss 0.6904823184013367 - score 0.8557
2019-08-07 14:21:03,811 ----------------------------------------------------------------------------------------------------
2019-08-07 14:21:04,424 epoch 19 - iter 0/235 - loss 1.11215961
2019-08-07 14:21:11,926 epoch 19 - iter 23/235 - loss 1.20575423
2019-08-07 14:21:19,385 epoch 19 - iter 46/235 - loss 1.06333606
2019-08-07 14:21:26,551 epoch 19 - iter 69/235 - loss 1.08895876
2019-08-07 14:21:32,994 epoch 19 - iter 92/235 - loss 1.10650405
2019-08-07 14:21:40,920 epoch 19 - iter 115/235 - loss 1.13659821
2019-08-07 14:21:47,774 epoch 19 - iter 138/235 - loss 1.11160696
2019-08-07 14:21:56,020 epoch 19 - iter 161/235 - loss 1.10195697
2019-08-07 14:22:03,319 epoch 19 - iter 184/235 - loss 1.09791935
2019-08-07 14:22:09,849 epoch 19 - iter 207/235 - loss 1.09867126
2019-08-07 14:22:18,085 epoch 19 - iter 230/235 - loss 1.09317741
2019-08-07 14:22:19,580 ----------------------------------------------------------------------------------------------------
2019-08-07 14:22:19,580 EPOCH 19 done: loss 1.0894 - lr 0.0500 - bad epochs 1
2019-08-07 14:22:42,549 DEV : loss 2.210721015930176 - score 0.6379
2019-08-07 14:22:58,418 TEST : loss 0.6900441646575928 - score 0.8614
2019-08-07 14:22:58,419 ----------------------------------------------------------------------------------------------------
2019-08-07 14:22:58,934 epoch 20 - iter 0/235 - loss 0.87906742
2019-08-07 14:23:05,488 epoch 20 - iter 23/235 - loss 1.10247880
2019-08-07 14:23:14,663 epoch 20 - iter 46/235 - loss 1.07650398
2019-08-07 14:23:21,930 epoch 20 - iter 69/235 - loss 1.10480783
2019-08-07 14:23:29,610 epoch 20 - iter 92/235 - loss 1.07528798
2019-08-07 14:23:36,574 epoch 20 - iter 115/235 - loss 1.08887762
2019-08-07 14:23:43,023 epoch 20 - iter 138/235 - loss 1.09559787
2019-08-07 14:23:50,554 epoch 20 - iter 161/235 - loss 1.07400866
2019-08-07 14:23:57,986 epoch 20 - iter 184/235 - loss 1.07603103
2019-08-07 14:24:05,236 epoch 20 - iter 207/235 - loss 1.07017802
2019-08-07 14:24:13,699 epoch 20 - iter 230/235 - loss 1.06074200
2019-08-07 14:24:15,141 ----------------------------------------------------------------------------------------------------
2019-08-07 14:24:15,141 EPOCH 20 done: loss 1.0614 - lr 0.0500 - bad epochs 2
2019-08-07 14:24:38,508 DEV : loss 2.2318434715270996 - score 0.6389
2019-08-07 14:24:53,671 TEST : loss 0.6866809129714966 - score 0.8613
2019-08-07 14:24:53,673 ----------------------------------------------------------------------------------------------------
2019-08-07 14:24:54,210 epoch 21 - iter 0/235 - loss 0.94682455
2019-08-07 14:25:00,914 epoch 21 - iter 23/235 - loss 1.13374610
2019-08-07 14:25:07,882 epoch 21 - iter 46/235 - loss 1.06912058
2019-08-07 14:25:14,783 epoch 21 - iter 69/235 - loss 1.07529320
2019-08-07 14:25:22,647 epoch 21 - iter 92/235 - loss 1.09380573
2019-08-07 14:25:30,167 epoch 21 - iter 115/235 - loss 1.08209455
2019-08-07 14:25:37,315 epoch 21 - iter 138/235 - loss 1.06712073
2019-08-07 14:25:43,354 epoch 21 - iter 161/235 - loss 1.06685938
2019-08-07 14:25:51,019 epoch 21 - iter 184/235 - loss 1.05765778
2019-08-07 14:25:57,979 epoch 21 - iter 207/235 - loss 1.05147515
2019-08-07 14:26:04,919 epoch 21 - iter 230/235 - loss 1.05649601
2019-08-07 14:26:06,345 ----------------------------------------------------------------------------------------------------
2019-08-07 14:26:06,345 EPOCH 21 done: loss 1.0500 - lr 0.0500 - bad epochs 3
2019-08-07 14:26:28,167 DEV : loss 2.101649045944214 - score 0.6432
2019-08-07 14:26:41,866 TEST : loss 0.6809322237968445 - score 0.8598
2019-08-07 14:26:52,004 ----------------------------------------------------------------------------------------------------
2019-08-07 14:26:52,526 epoch 22 - iter 0/235 - loss 0.92280865
2019-08-07 14:26:58,872 epoch 22 - iter 23/235 - loss 0.95983939
2019-08-07 14:27:06,654 epoch 22 - iter 46/235 - loss 0.95473961
2019-08-07 14:27:14,407 epoch 22 - iter 69/235 - loss 1.00336699
2019-08-07 14:27:22,132 epoch 22 - iter 92/235 - loss 1.00849755
2019-08-07 14:27:30,543 epoch 22 - iter 115/235 - loss 1.02520590
2019-08-07 14:27:38,241 epoch 22 - iter 138/235 - loss 1.04678829
2019-08-07 14:27:45,804 epoch 22 - iter 161/235 - loss 1.04198802
2019-08-07 14:27:52,714 epoch 22 - iter 184/235 - loss 1.03962828
2019-08-07 14:28:04,256 epoch 22 - iter 207/235 - loss 1.02637689
2019-08-07 14:28:11,874 epoch 22 - iter 230/235 - loss 1.03156012
2019-08-07 14:28:13,264 ----------------------------------------------------------------------------------------------------
2019-08-07 14:28:13,264 EPOCH 22 done: loss 1.0329 - lr 0.0500 - bad epochs 0
2019-08-07 14:28:32,919 DEV : loss 2.2065720558166504 - score 0.6457
2019-08-07 14:28:47,978 TEST : loss 0.6803126931190491 - score 0.858
2019-08-07 14:28:53,563 ----------------------------------------------------------------------------------------------------
2019-08-07 14:28:54,075 epoch 23 - iter 0/235 - loss 1.50038266
2019-08-07 14:29:00,762 epoch 23 - iter 23/235 - loss 1.03527657
2019-08-07 14:29:08,483 epoch 23 - iter 46/235 - loss 1.00289199
2019-08-07 14:29:16,087 epoch 23 - iter 69/235 - loss 1.01621518
2019-08-07 14:29:24,292 epoch 23 - iter 92/235 - loss 1.05948224
2019-08-07 14:29:32,012 epoch 23 - iter 115/235 - loss 1.03805369
2019-08-07 14:29:39,197 epoch 23 - iter 138/235 - loss 1.05238868
2019-08-07 14:29:46,725 epoch 23 - iter 161/235 - loss 1.04438877
2019-08-07 14:29:53,463 epoch 23 - iter 184/235 - loss 1.04029841
2019-08-07 14:29:59,827 epoch 23 - iter 207/235 - loss 1.01721546
2019-08-07 14:30:07,071 epoch 23 - iter 230/235 - loss 1.01877372
2019-08-07 14:30:08,498 ----------------------------------------------------------------------------------------------------
2019-08-07 14:30:08,499 EPOCH 23 done: loss 1.0139 - lr 0.0500 - bad epochs 0
2019-08-07 14:30:30,099 DEV : loss 2.23081374168396 - score 0.642
2019-08-07 14:30:45,052 TEST : loss 0.6729062795639038 - score 0.8609
2019-08-07 14:30:45,053 ----------------------------------------------------------------------------------------------------
2019-08-07 14:30:45,520 epoch 24 - iter 0/235 - loss 0.86123896
2019-08-07 14:30:52,196 epoch 24 - iter 23/235 - loss 0.96382660
2019-08-07 14:31:01,272 epoch 24 - iter 46/235 - loss 0.97204882
2019-08-07 14:31:08,033 epoch 24 - iter 69/235 - loss 0.96981790
2019-08-07 14:31:15,556 epoch 24 - iter 92/235 - loss 1.01691397
2019-08-07 14:31:23,427 epoch 24 - iter 115/235 - loss 1.02563983
2019-08-07 14:31:30,738 epoch 24 - iter 138/235 - loss 1.01553267
2019-08-07 14:31:38,862 epoch 24 - iter 161/235 - loss 1.00433469
2019-08-07 14:31:45,982 epoch 24 - iter 184/235 - loss 0.99687960
2019-08-07 14:31:52,242 epoch 24 - iter 207/235 - loss 0.99491143
2019-08-07 14:31:59,929 epoch 24 - iter 230/235 - loss 1.00409839
2019-08-07 14:32:01,661 ----------------------------------------------------------------------------------------------------
2019-08-07 14:32:01,662 EPOCH 24 done: loss 1.0093 - lr 0.0500 - bad epochs 1
2019-08-07 14:32:20,670 DEV : loss 2.1668500900268555 - score 0.6403
2019-08-07 14:32:34,159 TEST : loss 0.6671492457389832 - score 0.8643
2019-08-07 14:32:34,160 ----------------------------------------------------------------------------------------------------
2019-08-07 14:32:34,699 epoch 25 - iter 0/235 - loss 2.07860160
2019-08-07 14:32:41,051 epoch 25 - iter 23/235 - loss 1.03341373
2019-08-07 14:32:47,601 epoch 25 - iter 46/235 - loss 1.00337076
2019-08-07 14:32:53,996 epoch 25 - iter 69/235 - loss 1.01528865
2019-08-07 14:33:01,136 epoch 25 - iter 92/235 - loss 1.03153520
2019-08-07 14:33:07,819 epoch 25 - iter 115/235 - loss 1.03316892
2019-08-07 14:33:14,054 epoch 25 - iter 138/235 - loss 0.98935063
2019-08-07 14:33:20,298 epoch 25 - iter 161/235 - loss 0.98515327
2019-08-07 14:33:26,354 epoch 25 - iter 184/235 - loss 0.99312068
2019-08-07 14:33:32,875 epoch 25 - iter 207/235 - loss 1.00064225
2019-08-07 14:33:39,463 epoch 25 - iter 230/235 - loss 0.99878630
2019-08-07 14:33:40,757 ----------------------------------------------------------------------------------------------------
2019-08-07 14:33:40,757 EPOCH 25 done: loss 1.0003 - lr 0.0500 - bad epochs 2
2019-08-07 14:33:59,754 DEV : loss 2.1660726070404053 - score 0.6429
2019-08-07 14:34:13,813 TEST : loss 0.6596245169639587 - score 0.8712
2019-08-07 14:34:13,814 ----------------------------------------------------------------------------------------------------
2019-08-07 14:34:14,321 epoch 26 - iter 0/235 - loss 0.65771210
2019-08-07 14:34:21,538 epoch 26 - iter 23/235 - loss 0.79775605
2019-08-07 14:34:27,712 epoch 26 - iter 46/235 - loss 0.94851489
2019-08-07 14:34:33,907 epoch 26 - iter 69/235 - loss 0.96404760
2019-08-07 14:34:39,725 epoch 26 - iter 92/235 - loss 0.96134208
2019-08-07 14:34:46,063 epoch 26 - iter 115/235 - loss 0.99585926
2019-08-07 14:34:52,313 epoch 26 - iter 138/235 - loss 0.98482798
2019-08-07 14:34:59,843 epoch 26 - iter 161/235 - loss 0.97056534
2019-08-07 14:35:07,264 epoch 26 - iter 184/235 - loss 0.98716088
2019-08-07 14:35:13,736 epoch 26 - iter 207/235 - loss 0.98380413
2019-08-07 14:35:20,253 epoch 26 - iter 230/235 - loss 0.99260408
2019-08-07 14:35:21,391 ----------------------------------------------------------------------------------------------------
2019-08-07 14:35:21,392 EPOCH 26 done: loss 0.9927 - lr 0.0500 - bad epochs 3
2019-08-07 14:35:41,383 DEV : loss 2.129146099090576 - score 0.6421
2019-08-07 14:35:54,415 TEST : loss 0.6557953953742981 - score 0.8639
2019-08-07 14:35:54,417 ----------------------------------------------------------------------------------------------------
2019-08-07 14:35:54,954 epoch 27 - iter 0/235 - loss 1.22590280
2019-08-07 14:36:01,132 epoch 27 - iter 23/235 - loss 1.14814936
2019-08-07 14:36:07,952 epoch 27 - iter 46/235 - loss 1.00453054
2019-08-07 14:36:14,846 epoch 27 - iter 69/235 - loss 0.95649459
2019-08-07 14:36:21,420 epoch 27 - iter 92/235 - loss 0.90933199
2019-08-07 14:36:28,214 epoch 27 - iter 115/235 - loss 0.92811762
2019-08-07 14:36:34,765 epoch 27 - iter 138/235 - loss 0.94686820
2019-08-07 14:36:40,695 epoch 27 - iter 161/235 - loss 0.95856552
2019-08-07 14:36:46,216 epoch 27 - iter 184/235 - loss 0.97392395
2019-08-07 14:36:52,053 epoch 27 - iter 207/235 - loss 0.98318914
2019-08-07 14:36:58,790 epoch 27 - iter 230/235 - loss 0.98719110
2019-08-07 14:36:59,951 ----------------------------------------------------------------------------------------------------
2019-08-07 14:36:59,952 EPOCH 27 done: loss 0.9875 - lr 0.0250 - bad epochs 0
2019-08-07 14:37:17,586 DEV : loss 2.1728804111480713 - score 0.6431
2019-08-07 14:37:27,347 TEST : loss 0.6520333290100098 - score 0.8666
2019-08-07 14:37:27,348 ----------------------------------------------------------------------------------------------------
2019-08-07 14:37:27,826 epoch 28 - iter 0/235 - loss 0.60718578
2019-08-07 14:37:33,199 epoch 28 - iter 23/235 - loss 0.90702802
2019-08-07 14:37:38,908 epoch 28 - iter 46/235 - loss 0.95887899
2019-08-07 14:37:45,177 epoch 28 - iter 69/235 - loss 0.97217497
2019-08-07 14:37:50,643 epoch 28 - iter 92/235 - loss 0.95086936
2019-08-07 14:37:56,090 epoch 28 - iter 115/235 - loss 0.93959280
2019-08-07 14:38:01,885 epoch 28 - iter 138/235 - loss 0.96968863
2019-08-07 14:38:07,416 epoch 28 - iter 161/235 - loss 0.96979092
2019-08-07 14:38:13,358 epoch 28 - iter 184/235 - loss 0.96862631
2019-08-07 14:38:19,549 epoch 28 - iter 207/235 - loss 0.96775367
2019-08-07 14:38:24,884 epoch 28 - iter 230/235 - loss 0.98383478
2019-08-07 14:38:26,056 ----------------------------------------------------------------------------------------------------
2019-08-07 14:38:26,056 EPOCH 28 done: loss 0.9872 - lr 0.0250 - bad epochs 1
2019-08-07 14:38:41,435 DEV : loss 2.179842948913574 - score 0.6454
2019-08-07 14:38:53,204 TEST : loss 0.6550407409667969 - score 0.8664
2019-08-07 14:38:53,206 ----------------------------------------------------------------------------------------------------
2019-08-07 14:38:53,655 epoch 29 - iter 0/235 - loss 0.96770954
2019-08-07 14:39:00,466 epoch 29 - iter 23/235 - loss 0.91494628
2019-08-07 14:39:06,408 epoch 29 - iter 46/235 - loss 1.01964265
2019-08-07 14:39:12,550 epoch 29 - iter 69/235 - loss 1.03173660
2019-08-07 14:39:18,292 epoch 29 - iter 92/235 - loss 0.99256161
2019-08-07 14:39:23,955 epoch 29 - iter 115/235 - loss 0.99461978
2019-08-07 14:39:29,810 epoch 29 - iter 138/235 - loss 0.99337122
2019-08-07 14:39:36,389 epoch 29 - iter 161/235 - loss 0.98058138
2019-08-07 14:39:42,052 epoch 29 - iter 184/235 - loss 0.96029943
2019-08-07 14:39:47,423 epoch 29 - iter 207/235 - loss 0.95328585
2019-08-07 14:39:53,279 epoch 29 - iter 230/235 - loss 0.95554699
2019-08-07 14:39:55,237 ----------------------------------------------------------------------------------------------------
2019-08-07 14:39:55,238 EPOCH 29 done: loss 0.9572 - lr 0.0250 - bad epochs 2
2019-08-07 14:40:11,407 DEV : loss 2.1780121326446533 - score 0.6408
2019-08-07 14:40:22,630 TEST : loss 0.6521861553192139 - score 0.8675
2019-08-07 14:40:22,631 ----------------------------------------------------------------------------------------------------
2019-08-07 14:40:23,036 epoch 30 - iter 0/235 - loss 0.74049073
2019-08-07 14:40:28,894 epoch 30 - iter 23/235 - loss 1.03108291
2019-08-07 14:40:34,708 epoch 30 - iter 46/235 - loss 1.08948715
2019-08-07 14:40:40,474 epoch 30 - iter 69/235 - loss 1.05079231
2019-08-07 14:40:46,366 epoch 30 - iter 92/235 - loss 1.03161820
2019-08-07 14:40:51,926 epoch 30 - iter 115/235 - loss 0.99928546
2019-08-07 14:40:57,789 epoch 30 - iter 138/235 - loss 0.98364741
2019-08-07 14:41:03,993 epoch 30 - iter 161/235 - loss 0.95056956
2019-08-07 14:41:09,630 epoch 30 - iter 184/235 - loss 0.95155883
2019-08-07 14:41:15,684 epoch 30 - iter 207/235 - loss 0.96474087
2019-08-07 14:41:21,528 epoch 30 - iter 230/235 - loss 0.96472706
2019-08-07 14:41:22,549 ----------------------------------------------------------------------------------------------------
2019-08-07 14:41:22,550 EPOCH 30 done: loss 0.9632 - lr 0.0250 - bad epochs 3
2019-08-07 14:41:38,865 DEV : loss 2.149141788482666 - score 0.6504
2019-08-07 14:41:49,975 TEST : loss 0.6429898142814636 - score 0.8706
2019-08-07 14:41:54,588 ----------------------------------------------------------------------------------------------------
2019-08-07 14:41:55,076 epoch 31 - iter 0/235 - loss 0.90570825
2019-08-07 14:42:01,310 epoch 31 - iter 23/235 - loss 0.99197263
2019-08-07 14:42:06,963 epoch 31 - iter 46/235 - loss 1.04309069
2019-08-07 14:42:12,676 epoch 31 - iter 69/235 - loss 0.99788233
2019-08-07 14:42:18,761 epoch 31 - iter 92/235 - loss 0.95049051
2019-08-07 14:42:24,416 epoch 31 - iter 115/235 - loss 0.95083908
2019-08-07 14:42:30,271 epoch 31 - iter 138/235 - loss 0.95082294
2019-08-07 14:42:35,857 epoch 31 - iter 161/235 - loss 0.93665973
2019-08-07 14:42:42,086 epoch 31 - iter 184/235 - loss 0.96302303
2019-08-07 14:42:48,617 epoch 31 - iter 207/235 - loss 0.96051762
2019-08-07 14:42:53,966 epoch 31 - iter 230/235 - loss 0.96875957
2019-08-07 14:42:55,139 ----------------------------------------------------------------------------------------------------
2019-08-07 14:42:55,140 EPOCH 31 done: loss 0.9709 - lr 0.0250 - bad epochs 0
2019-08-07 14:43:10,593 DEV : loss 2.159437894821167 - score 0.6448
2019-08-07 14:43:20,917 TEST : loss 0.6506902575492859 - score 0.8718
2019-08-07 14:43:20,918 ----------------------------------------------------------------------------------------------------
2019-08-07 14:43:21,351 epoch 32 - iter 0/235 - loss 0.75557667
2019-08-07 14:43:27,148 epoch 32 - iter 23/235 - loss 0.80147701
2019-08-07 14:43:33,156 epoch 32 - iter 46/235 - loss 0.92131618
2019-08-07 14:43:39,110 epoch 32 - iter 69/235 - loss 0.94715962
2019-08-07 14:43:44,703 epoch 32 - iter 92/235 - loss 0.93637224
2019-08-07 14:43:50,597 epoch 32 - iter 115/235 - loss 0.93494405
2019-08-07 14:43:56,680 epoch 32 - iter 138/235 - loss 0.94070243
2019-08-07 14:44:02,287 epoch 32 - iter 161/235 - loss 0.94454970
2019-08-07 14:44:08,032 epoch 32 - iter 184/235 - loss 0.93294484
2019-08-07 14:44:13,516 epoch 32 - iter 207/235 - loss 0.93179589
2019-08-07 14:44:19,505 epoch 32 - iter 230/235 - loss 0.93731780
2019-08-07 14:44:20,606 ----------------------------------------------------------------------------------------------------
2019-08-07 14:44:20,607 EPOCH 32 done: loss 0.9355 - lr 0.0250 - bad epochs 1
2019-08-07 14:44:34,831 DEV : loss 2.14019513130188 - score 0.6463
2019-08-07 14:44:44,579 TEST : loss 0.640709400177002 - score 0.8688
2019-08-07 14:44:44,580 ----------------------------------------------------------------------------------------------------
2019-08-07 14:44:45,108 epoch 33 - iter 0/235 - loss 1.32949805
2019-08-07 14:44:50,578 epoch 33 - iter 23/235 - loss 0.94598051
2019-08-07 14:44:56,275 epoch 33 - iter 46/235 - loss 0.93393343
2019-08-07 14:45:01,956 epoch 33 - iter 69/235 - loss 0.95835062
2019-08-07 14:45:08,351 epoch 33 - iter 92/235 - loss 0.95656916
2019-08-07 14:45:14,470 epoch 33 - iter 115/235 - loss 0.97721848
2019-08-07 14:45:20,489 epoch 33 - iter 138/235 - loss 0.96194485
2019-08-07 14:45:26,161 epoch 33 - iter 161/235 - loss 0.96107944
2019-08-07 14:45:31,625 epoch 33 - iter 184/235 - loss 0.96045209
2019-08-07 14:45:37,518 epoch 33 - iter 207/235 - loss 0.95120771
2019-08-07 14:45:42,968 epoch 33 - iter 230/235 - loss 0.94708449
2019-08-07 14:45:44,107 ----------------------------------------------------------------------------------------------------
2019-08-07 14:45:44,107 EPOCH 33 done: loss 0.9474 - lr 0.0250 - bad epochs 2
2019-08-07 14:45:58,322 DEV : loss 2.2357900142669678 - score 0.647
2019-08-07 14:46:09,988 TEST : loss 0.6475199460983276 - score 0.8695
2019-08-07 14:46:09,989 ----------------------------------------------------------------------------------------------------
2019-08-07 14:46:10,456 epoch 34 - iter 0/235 - loss 0.49147058
2019-08-07 14:46:17,009 epoch 34 - iter 23/235 - loss 0.88645814
2019-08-07 14:46:23,058 epoch 34 - iter 46/235 - loss 0.95718346
2019-08-07 14:46:29,077 epoch 34 - iter 69/235 - loss 0.97897581
2019-08-07 14:46:34,789 epoch 34 - iter 92/235 - loss 0.95618222
2019-08-07 14:46:40,682 epoch 34 - iter 115/235 - loss 0.98575519
2019-08-07 14:46:45,890 epoch 34 - iter 138/235 - loss 0.97175427
2019-08-07 14:46:51,282 epoch 34 - iter 161/235 - loss 0.96174045
2019-08-07 14:46:57,887 epoch 34 - iter 184/235 - loss 0.96418367
2019-08-07 14:47:02,930 epoch 34 - iter 207/235 - loss 0.94974645
2019-08-07 14:47:08,924 epoch 34 - iter 230/235 - loss 0.96317126
2019-08-07 14:47:10,042 ----------------------------------------------------------------------------------------------------
2019-08-07 14:47:10,042 EPOCH 34 done: loss 0.9635 - lr 0.0250 - bad epochs 3
2019-08-07 14:47:25,794 DEV : loss 2.2254831790924072 - score 0.6454
2019-08-07 14:47:37,649 TEST : loss 0.6439297795295715 - score 0.8682
2019-08-07 14:47:37,650 ----------------------------------------------------------------------------------------------------
2019-08-07 14:47:38,105 epoch 35 - iter 0/235 - loss 0.25073731
2019-08-07 14:47:43,527 epoch 35 - iter 23/235 - loss 0.96591068
2019-08-07 14:47:48,905 epoch 35 - iter 46/235 - loss 0.89015125
2019-08-07 14:47:54,473 epoch 35 - iter 69/235 - loss 0.88196640
2019-08-07 14:47:59,949 epoch 35 - iter 92/235 - loss 0.90586953
2019-08-07 14:48:06,482 epoch 35 - iter 115/235 - loss 0.90773782
2019-08-07 14:48:12,346 epoch 35 - iter 138/235 - loss 0.93541307
2019-08-07 14:48:18,645 epoch 35 - iter 161/235 - loss 0.93600197
2019-08-07 14:48:24,456 epoch 35 - iter 184/235 - loss 0.92752717
2019-08-07 14:48:30,253 epoch 35 - iter 207/235 - loss 0.93044957
2019-08-07 14:48:35,941 epoch 35 - iter 230/235 - loss 0.92403780
2019-08-07 14:48:37,117 ----------------------------------------------------------------------------------------------------
2019-08-07 14:48:37,118 EPOCH 35 done: loss 0.9247 - lr 0.0125 - bad epochs 0
2019-08-07 14:48:53,327 DEV : loss 2.1965577602386475 - score 0.6447
2019-08-07 14:49:02,852 TEST : loss 0.6427334547042847 - score 0.8699
2019-08-07 14:49:02,853 ----------------------------------------------------------------------------------------------------
2019-08-07 14:49:03,292 epoch 36 - iter 0/235 - loss 1.24555409
2019-08-07 14:49:09,217 epoch 36 - iter 23/235 - loss 0.95548537
2019-08-07 14:49:15,052 epoch 36 - iter 46/235 - loss 0.95836405
2019-08-07 14:49:21,633 epoch 36 - iter 69/235 - loss 0.96994184
2019-08-07 14:49:27,709 epoch 36 - iter 92/235 - loss 0.97500093
2019-08-07 14:49:33,236 epoch 36 - iter 115/235 - loss 0.94351958
2019-08-07 14:49:39,196 epoch 36 - iter 138/235 - loss 0.93872261
2019-08-07 14:49:45,037 epoch 36 - iter 161/235 - loss 0.94051381
2019-08-07 14:49:50,808 epoch 36 - iter 184/235 - loss 0.95099413
2019-08-07 14:49:56,439 epoch 36 - iter 207/235 - loss 0.94384829
2019-08-07 14:50:02,957 epoch 36 - iter 230/235 - loss 0.94787733
2019-08-07 14:50:04,004 ----------------------------------------------------------------------------------------------------
2019-08-07 14:50:04,005 EPOCH 36 done: loss 0.9458 - lr 0.0125 - bad epochs 1
2019-08-07 14:50:17,501 DEV : loss 2.162292957305908 - score 0.6487
2019-08-07 14:50:28,592 TEST : loss 0.6382453441619873 - score 0.8701
2019-08-07 14:50:28,593 ----------------------------------------------------------------------------------------------------
2019-08-07 14:50:29,117 epoch 37 - iter 0/235 - loss 0.87042904
2019-08-07 14:50:34,544 epoch 37 - iter 23/235 - loss 1.01880960
2019-08-07 14:50:39,906 epoch 37 - iter 46/235 - loss 0.90190373
2019-08-07 14:50:45,610 epoch 37 - iter 69/235 - loss 0.90062485
2019-08-07 14:50:51,481 epoch 37 - iter 92/235 - loss 0.90639675
2019-08-07 14:50:57,189 epoch 37 - iter 115/235 - loss 0.94072448
2019-08-07 14:51:03,129 epoch 37 - iter 138/235 - loss 0.94267526
2019-08-07 14:51:09,253 epoch 37 - iter 161/235 - loss 0.93817649
2019-08-07 14:51:15,694 epoch 37 - iter 184/235 - loss 0.93663536
2019-08-07 14:51:21,402 epoch 37 - iter 207/235 - loss 0.93540979
2019-08-07 14:51:27,211 epoch 37 - iter 230/235 - loss 0.92789752
2019-08-07 14:51:28,263 ----------------------------------------------------------------------------------------------------
2019-08-07 14:51:28,264 EPOCH 37 done: loss 0.9260 - lr 0.0125 - bad epochs 2
2019-08-07 14:51:41,734 DEV : loss 2.182584285736084 - score 0.6473
2019-08-07 14:51:52,162 TEST : loss 0.6437891125679016 - score 0.8689
2019-08-07 14:51:52,163 ----------------------------------------------------------------------------------------------------
2019-08-07 14:51:52,689 epoch 38 - iter 0/235 - loss 0.74189687
2019-08-07 14:51:58,215 epoch 38 - iter 23/235 - loss 0.96694965
2019-08-07 14:52:04,216 epoch 38 - iter 46/235 - loss 0.96119532
2019-08-07 14:52:09,843 epoch 38 - iter 69/235 - loss 0.89748868
2019-08-07 14:52:16,170 epoch 38 - iter 92/235 - loss 0.90181080
2019-08-07 14:52:21,729 epoch 38 - iter 115/235 - loss 0.91450545
2019-08-07 14:52:27,035 epoch 38 - iter 138/235 - loss 0.92189231
2019-08-07 14:52:32,231 epoch 38 - iter 161/235 - loss 0.94144665
2019-08-07 14:52:37,726 epoch 38 - iter 184/235 - loss 0.93893923
2019-08-07 14:52:43,459 epoch 38 - iter 207/235 - loss 0.93703041
2019-08-07 14:52:48,716 epoch 38 - iter 230/235 - loss 0.93850288
2019-08-07 14:52:49,820 ----------------------------------------------------------------------------------------------------
2019-08-07 14:52:49,820 EPOCH 38 done: loss 0.9424 - lr 0.0125 - bad epochs 3
2019-08-07 14:53:04,205 DEV : loss 2.159764289855957 - score 0.6503
2019-08-07 14:53:15,546 TEST : loss 0.6374891996383667 - score 0.8706
2019-08-07 14:53:15,547 ----------------------------------------------------------------------------------------------------
2019-08-07 14:53:15,986 epoch 39 - iter 0/235 - loss 0.87188303
2019-08-07 14:53:22,683 epoch 39 - iter 23/235 - loss 0.97527769
2019-08-07 14:53:28,140 epoch 39 - iter 46/235 - loss 0.94117894
2019-08-07 14:53:34,126 epoch 39 - iter 69/235 - loss 0.93776852
2019-08-07 14:53:39,959 epoch 39 - iter 92/235 - loss 0.94036977
2019-08-07 14:53:45,850 epoch 39 - iter 115/235 - loss 0.95289299
2019-08-07 14:53:51,615 epoch 39 - iter 138/235 - loss 0.94607020
2019-08-07 14:53:57,417 epoch 39 - iter 161/235 - loss 0.92888001
2019-08-07 14:54:03,652 epoch 39 - iter 184/235 - loss 0.92434102
2019-08-07 14:54:09,537 epoch 39 - iter 207/235 - loss 0.92223840
2019-08-07 14:54:15,105 epoch 39 - iter 230/235 - loss 0.92793023
2019-08-07 14:54:16,383 ----------------------------------------------------------------------------------------------------
2019-08-07 14:54:16,384 EPOCH 39 done: loss 0.9307 - lr 0.0063 - bad epochs 0
2019-08-07 14:54:30,637 DEV : loss 2.16129469871521 - score 0.649
2019-08-07 14:54:41,877 TEST : loss 0.6404328346252441 - score 0.8685
2019-08-07 14:54:41,878 ----------------------------------------------------------------------------------------------------
2019-08-07 14:54:42,336 epoch 40 - iter 0/235 - loss 1.31153429
2019-08-07 14:54:47,900 epoch 40 - iter 23/235 - loss 0.86830654
2019-08-07 14:54:53,771 epoch 40 - iter 46/235 - loss 0.87471398
2019-08-07 14:54:59,586 epoch 40 - iter 69/235 - loss 0.87673371
2019-08-07 14:55:05,149 epoch 40 - iter 92/235 - loss 0.90731814
2019-08-07 14:55:11,527 epoch 40 - iter 115/235 - loss 0.90480422
2019-08-07 14:55:17,316 epoch 40 - iter 138/235 - loss 0.91467121
2019-08-07 14:55:23,118 epoch 40 - iter 161/235 - loss 0.93403506
2019-08-07 14:55:28,725 epoch 40 - iter 184/235 - loss 0.93432663
2019-08-07 14:55:34,783 epoch 40 - iter 207/235 - loss 0.94656449
2019-08-07 14:55:40,320 epoch 40 - iter 230/235 - loss 0.94152733
2019-08-07 14:55:41,620 ----------------------------------------------------------------------------------------------------
2019-08-07 14:55:41,620 EPOCH 40 done: loss 0.9461 - lr 0.0063 - bad epochs 1
2019-08-07 14:55:55,951 DEV : loss 2.1678175926208496 - score 0.6459
2019-08-07 14:56:05,716 TEST : loss 0.6419918537139893 - score 0.8681
2019-08-07 14:56:05,717 ----------------------------------------------------------------------------------------------------
2019-08-07 14:56:06,148 epoch 41 - iter 0/235 - loss 0.72620595
2019-08-07 14:56:12,153 epoch 41 - iter 23/235 - loss 1.00161471
2019-08-07 14:56:18,629 epoch 41 - iter 46/235 - loss 0.94658468
2019-08-07 14:56:24,079 epoch 41 - iter 69/235 - loss 0.87914673
2019-08-07 14:56:29,903 epoch 41 - iter 92/235 - loss 0.90875317
2019-08-07 14:56:35,621 epoch 41 - iter 115/235 - loss 0.92581811
2019-08-07 14:56:40,963 epoch 41 - iter 138/235 - loss 0.93560041
2019-08-07 14:56:46,580 epoch 41 - iter 161/235 - loss 0.94935204
2019-08-07 14:56:52,718 epoch 41 - iter 184/235 - loss 0.94226402
2019-08-07 14:56:58,593 epoch 41 - iter 207/235 - loss 0.95792889
2019-08-07 14:57:04,886 epoch 41 - iter 230/235 - loss 0.94871589
2019-08-07 14:57:06,045 ----------------------------------------------------------------------------------------------------
2019-08-07 14:57:06,046 EPOCH 41 done: loss 0.9475 - lr 0.0063 - bad epochs 2
2019-08-07 14:57:21,597 DEV : loss 2.162508726119995 - score 0.6441
2019-08-07 14:57:31,915 TEST : loss 0.6415301561355591 - score 0.8668
2019-08-07 14:57:31,916 ----------------------------------------------------------------------------------------------------
2019-08-07 14:57:32,396 epoch 42 - iter 0/235 - loss 1.18579221
2019-08-07 14:57:37,950 epoch 42 - iter 23/235 - loss 0.85288608
2019-08-07 14:57:43,788 epoch 42 - iter 46/235 - loss 0.96293649
2019-08-07 14:57:48,975 epoch 42 - iter 69/235 - loss 0.93918968
2019-08-07 14:57:54,508 epoch 42 - iter 92/235 - loss 0.96103340
2019-08-07 14:57:59,801 epoch 42 - iter 115/235 - loss 0.94058053
2019-08-07 14:58:06,252 epoch 42 - iter 138/235 - loss 0.95066078
2019-08-07 14:58:11,630 epoch 42 - iter 161/235 - loss 0.91605148
2019-08-07 14:58:17,296 epoch 42 - iter 184/235 - loss 0.92025500
2019-08-07 14:58:23,200 epoch 42 - iter 207/235 - loss 0.91804668
2019-08-07 14:58:29,082 epoch 42 - iter 230/235 - loss 0.90781535
2019-08-07 14:58:30,199 ----------------------------------------------------------------------------------------------------
2019-08-07 14:58:30,200 EPOCH 42 done: loss 0.9208 - lr 0.0063 - bad epochs 3
2019-08-07 14:58:45,863 DEV : loss 2.160079002380371 - score 0.6472
2019-08-07 14:58:55,410 TEST : loss 0.6358842253684998 - score 0.8685
2019-08-07 14:58:55,411 ----------------------------------------------------------------------------------------------------
2019-08-07 14:58:55,856 epoch 43 - iter 0/235 - loss 0.75070834
2019-08-07 14:59:01,596 epoch 43 - iter 23/235 - loss 0.86707818
2019-08-07 14:59:07,009 epoch 43 - iter 46/235 - loss 0.81929562
2019-08-07 14:59:12,775 epoch 43 - iter 69/235 - loss 0.86371516
2019-08-07 14:59:19,287 epoch 43 - iter 92/235 - loss 0.86106650
2019-08-07 14:59:24,907 epoch 43 - iter 115/235 - loss 0.86990209
2019-08-07 14:59:30,872 epoch 43 - iter 138/235 - loss 0.88190467
2019-08-07 14:59:36,822 epoch 43 - iter 161/235 - loss 0.88478451
2019-08-07 14:59:42,677 epoch 43 - iter 184/235 - loss 0.88197382
2019-08-07 14:59:48,496 epoch 43 - iter 207/235 - loss 0.87338345
2019-08-07 14:59:54,428 epoch 43 - iter 230/235 - loss 0.90466939
2019-08-07 14:59:55,465 ----------------------------------------------------------------------------------------------------
2019-08-07 14:59:55,466 EPOCH 43 done: loss 0.9081 - lr 0.0031 - bad epochs 0
2019-08-07 15:00:07,666 DEV : loss 2.173494815826416 - score 0.6449
2019-08-07 15:00:19,018 TEST : loss 0.6386126279830933 - score 0.8668
2019-08-07 15:00:19,019 ----------------------------------------------------------------------------------------------------
2019-08-07 15:00:19,429 epoch 44 - iter 0/235 - loss 0.77568817
2019-08-07 15:00:24,281 epoch 44 - iter 23/235 - loss 0.94515041
2019-08-07 15:00:29,750 epoch 44 - iter 46/235 - loss 0.91707473
2019-08-07 15:00:34,786 epoch 44 - iter 69/235 - loss 0.93072956
2019-08-07 15:00:39,432 epoch 44 - iter 92/235 - loss 0.93657084
2019-08-07 15:00:44,952 epoch 44 - iter 115/235 - loss 0.89245826
2019-08-07 15:00:50,512 epoch 44 - iter 138/235 - loss 0.89694843
2019-08-07 15:00:56,533 epoch 44 - iter 161/235 - loss 0.91266849
2019-08-07 15:01:01,809 epoch 44 - iter 184/235 - loss 0.91998378
2019-08-07 15:01:07,083 epoch 44 - iter 207/235 - loss 0.91834685
2019-08-07 15:01:12,379 epoch 44 - iter 230/235 - loss 0.91273132
2019-08-07 15:01:13,407 ----------------------------------------------------------------------------------------------------
2019-08-07 15:01:13,408 EPOCH 44 done: loss 0.9105 - lr 0.0031 - bad epochs 1
2019-08-07 15:01:28,862 DEV : loss 2.1756372451782227 - score 0.6465
2019-08-07 15:01:36,929 TEST : loss 0.6371822357177734 - score 0.8684
2019-08-07 15:01:36,930 ----------------------------------------------------------------------------------------------------
2019-08-07 15:01:37,454 epoch 45 - iter 0/235 - loss 0.76149207
2019-08-07 15:01:42,649 epoch 45 - iter 23/235 - loss 0.88758552
2019-08-07 15:01:48,245 epoch 45 - iter 46/235 - loss 0.87976399
2019-08-07 15:01:54,207 epoch 45 - iter 69/235 - loss 0.95656623
2019-08-07 15:02:00,232 epoch 45 - iter 92/235 - loss 0.93618096
2019-08-07 15:02:05,189 epoch 45 - iter 115/235 - loss 0.89255591
2019-08-07 15:02:10,488 epoch 45 - iter 138/235 - loss 0.89974971
2019-08-07 15:02:15,386 epoch 45 - iter 161/235 - loss 0.89821664
2019-08-07 15:02:20,242 epoch 45 - iter 184/235 - loss 0.92030085
2019-08-07 15:02:25,385 epoch 45 - iter 207/235 - loss 0.91811128
2019-08-07 15:02:31,309 epoch 45 - iter 230/235 - loss 0.91590088
2019-08-07 15:02:32,300 ----------------------------------------------------------------------------------------------------
2019-08-07 15:02:32,301 EPOCH 45 done: loss 0.9116 - lr 0.0031 - bad epochs 2
2019-08-07 15:02:45,830 DEV : loss 2.176683187484741 - score 0.6452
2019-08-07 15:02:56,065 TEST : loss 0.6377717852592468 - score 0.8674
2019-08-07 15:02:56,066 ----------------------------------------------------------------------------------------------------
2019-08-07 15:02:56,489 epoch 46 - iter 0/235 - loss 0.32711720
2019-08-07 15:03:01,722 epoch 46 - iter 23/235 - loss 0.88630280
2019-08-07 15:03:06,723 epoch 46 - iter 46/235 - loss 0.90085404
2019-08-07 15:03:11,740 epoch 46 - iter 69/235 - loss 0.96189392
2019-08-07 15:03:16,816 epoch 46 - iter 92/235 - loss 0.93520463
2019-08-07 15:03:21,998 epoch 46 - iter 115/235 - loss 0.94496692
2019-08-07 15:03:27,235 epoch 46 - iter 138/235 - loss 0.96494323
2019-08-07 15:03:32,436 epoch 46 - iter 161/235 - loss 0.96492985
2019-08-07 15:03:38,469 epoch 46 - iter 184/235 - loss 0.96106186
2019-08-07 15:03:43,718 epoch 46 - iter 207/235 - loss 0.94500594
2019-08-07 15:03:49,161 epoch 46 - iter 230/235 - loss 0.94420082
2019-08-07 15:03:50,197 ----------------------------------------------------------------------------------------------------
2019-08-07 15:03:50,198 EPOCH 46 done: loss 0.9409 - lr 0.0031 - bad epochs 3
2019-08-07 15:04:05,631 DEV : loss 2.1868209838867188 - score 0.6461
2019-08-07 15:04:14,029 TEST : loss 0.6394667625427246 - score 0.8682
2019-08-07 15:04:14,030 ----------------------------------------------------------------------------------------------------
2019-08-07 15:04:14,477 epoch 47 - iter 0/235 - loss 1.36976743
2019-08-07 15:04:19,814 epoch 47 - iter 23/235 - loss 0.92568830
2019-08-07 15:04:24,685 epoch 47 - iter 46/235 - loss 0.90671632
2019-08-07 15:04:29,649 epoch 47 - iter 69/235 - loss 0.97101625
2019-08-07 15:04:34,369 epoch 47 - iter 92/235 - loss 0.93103778
2019-08-07 15:04:39,909 epoch 47 - iter 115/235 - loss 0.90625680
2019-08-07 15:04:45,103 epoch 47 - iter 138/235 - loss 0.90092388
2019-08-07 15:04:50,680 epoch 47 - iter 161/235 - loss 0.91590592
2019-08-07 15:04:55,966 epoch 47 - iter 184/235 - loss 0.92206873
2019-08-07 15:05:01,113 epoch 47 - iter 207/235 - loss 0.92452555
2019-08-07 15:05:07,963 epoch 47 - iter 230/235 - loss 0.94313763
2019-08-07 15:05:08,935 ----------------------------------------------------------------------------------------------------
2019-08-07 15:05:08,935 EPOCH 47 done: loss 0.9415 - lr 0.0016 - bad epochs 0
2019-08-07 15:05:20,373 DEV : loss 2.1824891567230225 - score 0.6446
2019-08-07 15:05:28,166 TEST : loss 0.6416358351707458 - score 0.8674
2019-08-07 15:05:28,167 ----------------------------------------------------------------------------------------------------
2019-08-07 15:05:28,617 epoch 48 - iter 0/235 - loss 0.82203674
2019-08-07 15:05:34,411 epoch 48 - iter 23/235 - loss 1.03790575
2019-08-07 15:05:39,648 epoch 48 - iter 46/235 - loss 0.86966076
2019-08-07 15:05:44,772 epoch 48 - iter 69/235 - loss 0.90135431
2019-08-07 15:05:49,745 epoch 48 - iter 92/235 - loss 0.89034816
2019-08-07 15:05:55,017 epoch 48 - iter 115/235 - loss 0.90960444
2019-08-07 15:05:59,995 epoch 48 - iter 138/235 - loss 0.90341411
2019-08-07 15:06:05,067 epoch 48 - iter 161/235 - loss 0.88801046
2019-08-07 15:06:11,137 epoch 48 - iter 184/235 - loss 0.88847131
2019-08-07 15:06:16,330 epoch 48 - iter 207/235 - loss 0.89476820
2019-08-07 15:06:21,685 epoch 48 - iter 230/235 - loss 0.90532311
2019-08-07 15:06:22,849 ----------------------------------------------------------------------------------------------------
2019-08-07 15:06:22,850 EPOCH 48 done: loss 0.9096 - lr 0.0016 - bad epochs 1
2019-08-07 15:06:36,456 DEV : loss 2.1759822368621826 - score 0.6454
2019-08-07 15:06:47,729 TEST : loss 0.6394157409667969 - score 0.8671
2019-08-07 15:06:47,730 ----------------------------------------------------------------------------------------------------
2019-08-07 15:06:48,209 epoch 49 - iter 0/235 - loss 0.56369931
2019-08-07 15:06:53,279 epoch 49 - iter 23/235 - loss 0.90206781
2019-08-07 15:06:58,397 epoch 49 - iter 46/235 - loss 0.92645864
2019-08-07 15:07:03,598 epoch 49 - iter 69/235 - loss 0.92940851
2019-08-07 15:07:09,351 epoch 49 - iter 92/235 - loss 0.91919772
2019-08-07 15:07:14,461 epoch 49 - iter 115/235 - loss 0.90018379
2019-08-07 15:07:19,818 epoch 49 - iter 138/235 - loss 0.90542798
2019-08-07 15:07:25,117 epoch 49 - iter 161/235 - loss 0.90511849
2019-08-07 15:07:30,358 epoch 49 - iter 184/235 - loss 0.89388043
2019-08-07 15:07:35,609 epoch 49 - iter 207/235 - loss 0.88789707
2019-08-07 15:07:40,651 epoch 49 - iter 230/235 - loss 0.89768131
2019-08-07 15:07:41,583 ----------------------------------------------------------------------------------------------------
2019-08-07 15:07:41,583 EPOCH 49 done: loss 0.9007 - lr 0.0016 - bad epochs 2
2019-08-07 15:07:56,637 DEV : loss 2.176868438720703 - score 0.6455
2019-08-07 15:08:06,633 TEST : loss 0.6389813423156738 - score 0.8668
2019-08-07 15:08:06,634 ----------------------------------------------------------------------------------------------------
2019-08-07 15:08:07,047 epoch 50 - iter 0/235 - loss 0.79551834
2019-08-07 15:08:12,591 epoch 50 - iter 23/235 - loss 0.86828500
2019-08-07 15:08:17,820 epoch 50 - iter 46/235 - loss 0.91583782
2019-08-07 15:08:23,190 epoch 50 - iter 69/235 - loss 0.90648545
2019-08-07 15:08:28,424 epoch 50 - iter 92/235 - loss 0.91320436
2019-08-07 15:08:33,359 epoch 50 - iter 115/235 - loss 0.91916660
2019-08-07 15:08:38,630 epoch 50 - iter 138/235 - loss 0.90191499
2019-08-07 15:08:43,766 epoch 50 - iter 161/235 - loss 0.89329163
2019-08-07 15:08:49,702 epoch 50 - iter 184/235 - loss 0.89324939
2019-08-07 15:08:54,821 epoch 50 - iter 207/235 - loss 0.89754848
2019-08-07 15:08:59,908 epoch 50 - iter 230/235 - loss 0.89678584
2019-08-07 15:09:01,019 ----------------------------------------------------------------------------------------------------
2019-08-07 15:09:01,020 EPOCH 50 done: loss 0.9012 - lr 0.0016 - bad epochs 3
2019-08-07 15:09:11,847 DEV : loss 2.1787822246551514 - score 0.6452
2019-08-07 15:09:22,796 TEST : loss 0.6382205486297607 - score 0.8681
2019-08-07 15:09:27,528 ----------------------------------------------------------------------------------------------------
2019-08-07 15:09:27,529 Testing using best model ...
2019-08-07 15:09:27,530 loading file resources/taggers/cased-ner/best-model.pt
2019-08-07 15:09:37,506 0.8721	0.8691	0.8706
2019-08-07 15:09:37,507 
MICRO_AVG: acc 0.7709 - f1-score 0.8706
MACRO_AVG: acc 0.7604 - f1-score 0.86298
DATE       tp: 950 - fp: 105 - fn: 129 - tn: 950 - precision: 0.9005 - recall: 0.8804 - accuracy: 0.8024 - f1-score: 0.8903
LOC        tp: 69 - fp: 13 - fn: 16 - tn: 69 - precision: 0.8415 - recall: 0.8118 - accuracy: 0.7041 - f1-score: 0.8264
ORG        tp: 25 - fp: 2 - fn: 3 - tn: 25 - precision: 0.9259 - recall: 0.8929 - accuracy: 0.8333 - f1-score: 0.9091
PER        tp: 74 - fp: 15 - fn: 13 - tn: 74 - precision: 0.8315 - recall: 0.8506 - accuracy: 0.7255 - f1-score: 0.8409
TIME       tp: 601 - fp: 117 - fn: 98 - tn: 601 - precision: 0.8370 - recall: 0.8598 - accuracy: 0.7365 - f1-score: 0.8482
2019-08-07 15:09:37,507 ----------------------------------------------------------------------------------------------------
